WARNING - 2023-12-07 04:36:09 --> [DEPRECATED] Creation of dynamic property App\Controllers\JadwalController::$BukuModel is deprecated in APPPATH\Controllers\JadwalController.php on line 18.
 1 SYSTEMPATH\CodeIgniter.php(904): App\Controllers\JadwalController->__construct()
 2 SYSTEMPATH\CodeIgniter.php(488): CodeIgniter\CodeIgniter->createController()
 3 SYSTEMPATH\CodeIgniter.php(366): CodeIgniter\CodeIgniter->handleRequest(null, Object(Config\Cache), false)
 4 FCPATH\index.php(67): CodeIgniter\CodeIgniter->run()
WARNING - 2023-12-07 04:36:09 --> [DEPRECATED] Creation of dynamic property App\Controllers\JadwalController::$GuruModel is deprecated in APPPATH\Controllers\JadwalController.php on line 19.
 1 SYSTEMPATH\CodeIgniter.php(904): App\Controllers\JadwalController->__construct()
 2 SYSTEMPATH\CodeIgniter.php(488): CodeIgniter\CodeIgniter->createController()
 3 SYSTEMPATH\CodeIgniter.php(366): CodeIgniter\CodeIgniter->handleRequest(null, Object(Config\Cache), false)
 4 FCPATH\index.php(67): CodeIgniter\CodeIgniter->run()
WARNING - 2023-12-07 04:36:13 --> [DEPRECATED] Creation of dynamic property App\Controllers\JadwalController::$BukuModel is deprecated in APPPATH\Controllers\JadwalController.php on line 18.
 1 SYSTEMPATH\CodeIgniter.php(904): App\Controllers\JadwalController->__construct()
 2 SYSTEMPATH\CodeIgniter.php(488): CodeIgniter\CodeIgniter->createController()
 3 SYSTEMPATH\CodeIgniter.php(366): CodeIgniter\CodeIgniter->handleRequest(null, Object(Config\Cache), false)
 4 FCPATH\index.php(67): CodeIgniter\CodeIgniter->run()
WARNING - 2023-12-07 04:36:13 --> [DEPRECATED] Creation of dynamic property App\Controllers\JadwalController::$GuruModel is deprecated in APPPATH\Controllers\JadwalController.php on line 19.
 1 SYSTEMPATH\CodeIgniter.php(904): App\Controllers\JadwalController->__construct()
 2 SYSTEMPATH\CodeIgniter.php(488): CodeIgniter\CodeIgniter->createController()
 3 SYSTEMPATH\CodeIgniter.php(366): CodeIgniter\CodeIgniter->handleRequest(null, Object(Config\Cache), false)
 4 FCPATH\index.php(67): CodeIgniter\CodeIgniter->run()
CRITICAL - 2023-12-07 04:52:47 --> Class "App\Models\BukuModel" not found
in APPPATH\Controllers\JadwalController.php on line 18.
 1 SYSTEMPATH\CodeIgniter.php(904): App\Controllers\JadwalController->__construct()
 2 SYSTEMPATH\CodeIgniter.php(488): CodeIgniter\CodeIgniter->createController()
 3 SYSTEMPATH\CodeIgniter.php(366): CodeIgniter\CodeIgniter->handleRequest(null, Object(Config\Cache), false)
 4 FCPATH\index.php(67): CodeIgniter\CodeIgniter->run()
WARNING - 2023-12-07 04:54:03 --> [DEPRECATED] Creation of dynamic property App\Controllers\JadwalController::$MapelModel is deprecated in APPPATH\Controllers\JadwalController.php on line 18.
 1 SYSTEMPATH\CodeIgniter.php(904): App\Controllers\JadwalController->__construct()
 2 SYSTEMPATH\CodeIgniter.php(488): CodeIgniter\CodeIgniter->createController()
 3 SYSTEMPATH\CodeIgniter.php(366): CodeIgniter\CodeIgniter->handleRequest(null, Object(Config\Cache), false)
 4 FCPATH\index.php(67): CodeIgniter\CodeIgniter->run()
WARNING - 2023-12-07 04:54:03 --> [DEPRECATED] Creation of dynamic property App\Controllers\JadwalController::$GuruModel is deprecated in APPPATH\Controllers\JadwalController.php on line 19.
 1 SYSTEMPATH\CodeIgniter.php(904): App\Controllers\JadwalController->__construct()
 2 SYSTEMPATH\CodeIgniter.php(488): CodeIgniter\CodeIgniter->createController()
 3 SYSTEMPATH\CodeIgniter.php(366): CodeIgniter\CodeIgniter->handleRequest(null, Object(Config\Cache), false)
 4 FCPATH\index.php(67): CodeIgniter\CodeIgniter->run()
CRITICAL - 2023-12-07 04:54:04 --> The route for "buku" cannot be found.
in SYSTEMPATH\Helpers\url_helper.php on line 599.
 1 SYSTEMPATH\Helpers\url_helper.php(599): CodeIgniter\Router\Exceptions\RouterException::forInvalidRoute('buku')
 2 APPPATH\Views\layouts\sidebar.php(32): url_to('buku')
 3 SYSTEMPATH\View\View.php(224): include('C:\\xampp\\htdocs\\pelajaran\\app\\Views\\layouts\\sidebar.php')
 4 SYSTEMPATH\View\View.php(227): CodeIgniter\View\View->CodeIgniter\View\{closure}()
 5 SYSTEMPATH\View\View.php(452): CodeIgniter\View\View->render('layouts/sidebar', null, true)
 6 APPPATH\Views\layouts\template.php(59): CodeIgniter\View\View->include('layouts/sidebar')
 7 SYSTEMPATH\View\View.php(224): include('C:\\xampp\\htdocs\\pelajaran\\app\\Views\\layouts\\template.php')
 8 SYSTEMPATH\View\View.php(227): CodeIgniter\View\View->CodeIgniter\View\{closure}()
 9 SYSTEMPATH\View\View.php(240): CodeIgniter\View\View->render('layouts/template', [], true)
10 SYSTEMPATH\Common.php(1180): CodeIgniter\View\View->render('jadwal/index', [], true)
11 APPPATH\Controllers\JadwalController.php(33): view('jadwal/index', [...])
12 SYSTEMPATH\CodeIgniter.php(932): App\Controllers\JadwalController->index()
13 SYSTEMPATH\CodeIgniter.php(497): CodeIgniter\CodeIgniter->runController(Object(App\Controllers\JadwalController))
14 SYSTEMPATH\CodeIgniter.php(366): CodeIgniter\CodeIgniter->handleRequest(null, Object(Config\Cache), false)
15 FCPATH\index.php(67): CodeIgniter\CodeIgniter->run()
WARNING - 2023-12-07 06:07:34 --> [DEPRECATED] Creation of dynamic property App\Controllers\JadwalController::$MapelModel is deprecated in APPPATH\Controllers\JadwalController.php on line 18.
 1 SYSTEMPATH\CodeIgniter.php(904): App\Controllers\JadwalController->__construct()
 2 SYSTEMPATH\CodeIgniter.php(488): CodeIgniter\CodeIgniter->createController()
 3 SYSTEMPATH\CodeIgniter.php(366): CodeIgniter\CodeIgniter->handleRequest(null, Object(Config\Cache), false)
 4 FCPATH\index.php(67): CodeIgniter\CodeIgniter->run()
WARNING - 2023-12-07 06:07:34 --> [DEPRECATED] Creation of dynamic property App\Controllers\JadwalController::$GuruModel is deprecated in APPPATH\Controllers\JadwalController.php on line 19.
 1 SYSTEMPATH\CodeIgniter.php(904): App\Controllers\JadwalController->__construct()
 2 SYSTEMPATH\CodeIgniter.php(488): CodeIgniter\CodeIgniter->createController()
 3 SYSTEMPATH\CodeIgniter.php(366): CodeIgniter\CodeIgniter->handleRequest(null, Object(Config\Cache), false)
 4 FCPATH\index.php(67): CodeIgniter\CodeIgniter->run()
CRITICAL - 2023-12-07 06:07:34 --> The route for "buku" cannot be found.
in SYSTEMPATH\Helpers\url_helper.php on line 599.
 1 SYSTEMPATH\Helpers\url_helper.php(599): CodeIgniter\Router\Exceptions\RouterException::forInvalidRoute('buku')
 2 APPPATH\Views\layouts\sidebar.php(32): url_to('buku')
 3 SYSTEMPATH\View\View.php(224): include('C:\\xampp\\htdocs\\pelajaran\\app\\Views\\layouts\\sidebar.php')
 4 SYSTEMPATH\View\View.php(227): CodeIgniter\View\View->CodeIgniter\View\{closure}()
 5 SYSTEMPATH\View\View.php(452): CodeIgniter\View\View->render('layouts/sidebar', null, true)
 6 APPPATH\Views\layouts\template.php(59): CodeIgniter\View\View->include('layouts/sidebar')
 7 SYSTEMPATH\View\View.php(224): include('C:\\xampp\\htdocs\\pelajaran\\app\\Views\\layouts\\template.php')
 8 SYSTEMPATH\View\View.php(227): CodeIgniter\View\View->CodeIgniter\View\{closure}()
 9 SYSTEMPATH\View\View.php(240): CodeIgniter\View\View->render('layouts/template', [], true)
10 SYSTEMPATH\Common.php(1180): CodeIgniter\View\View->render('jadwal/index', [], true)
11 APPPATH\Controllers\JadwalController.php(33): view('jadwal/index', [...])
12 SYSTEMPATH\CodeIgniter.php(932): App\Controllers\JadwalController->index()
13 SYSTEMPATH\CodeIgniter.php(497): CodeIgniter\CodeIgniter->runController(Object(App\Controllers\JadwalController))
14 SYSTEMPATH\CodeIgniter.php(366): CodeIgniter\CodeIgniter->handleRequest(null, Object(Config\Cache), false)
15 FCPATH\index.php(67): CodeIgniter\CodeIgniter->run()
WARNING - 2023-12-07 06:07:59 --> [DEPRECATED] Creation of dynamic property App\Controllers\JadwalController::$MapelModel is deprecated in APPPATH\Controllers\JadwalController.php on line 18.
 1 SYSTEMPATH\CodeIgniter.php(904): App\Controllers\JadwalController->__construct()
 2 SYSTEMPATH\CodeIgniter.php(488): CodeIgniter\CodeIgniter->createController()
 3 SYSTEMPATH\CodeIgniter.php(366): CodeIgniter\CodeIgniter->handleRequest(null, Object(Config\Cache), false)
 4 FCPATH\index.php(67): CodeIgniter\CodeIgniter->run()
WARNING - 2023-12-07 06:07:59 --> [DEPRECATED] Creation of dynamic property App\Controllers\JadwalController::$GuruModel is deprecated in APPPATH\Controllers\JadwalController.php on line 19.
 1 SYSTEMPATH\CodeIgniter.php(904): App\Controllers\JadwalController->__construct()
 2 SYSTEMPATH\CodeIgniter.php(488): CodeIgniter\CodeIgniter->createController()
 3 SYSTEMPATH\CodeIgniter.php(366): CodeIgniter\CodeIgniter->handleRequest(null, Object(Config\Cache), false)
 4 FCPATH\index.php(67): CodeIgniter\CodeIgniter->run()
CRITICAL - 2023-12-07 06:07:59 --> The route for "buku" cannot be found.
in SYSTEMPATH\Helpers\url_helper.php on line 599.
 1 SYSTEMPATH\Helpers\url_helper.php(599): CodeIgniter\Router\Exceptions\RouterException::forInvalidRoute('buku')
 2 APPPATH\Views\layouts\sidebar.php(32): url_to('buku')
 3 SYSTEMPATH\View\View.php(224): include('C:\\xampp\\htdocs\\pelajaran\\app\\Views\\layouts\\sidebar.php')
 4 SYSTEMPATH\View\View.php(227): CodeIgniter\View\View->CodeIgniter\View\{closure}()
 5 SYSTEMPATH\View\View.php(452): CodeIgniter\View\View->render('layouts/sidebar', null, true)
 6 APPPATH\Views\layouts\template.php(59): CodeIgniter\View\View->include('layouts/sidebar')
 7 SYSTEMPATH\View\View.php(224): include('C:\\xampp\\htdocs\\pelajaran\\app\\Views\\layouts\\template.php')
 8 SYSTEMPATH\View\View.php(227): CodeIgniter\View\View->CodeIgniter\View\{closure}()
 9 SYSTEMPATH\View\View.php(240): CodeIgniter\View\View->render('layouts/template', [], true)
10 SYSTEMPATH\Common.php(1180): CodeIgniter\View\View->render('jadwal/index', [], true)
11 APPPATH\Controllers\JadwalController.php(33): view('jadwal/index', [...])
12 SYSTEMPATH\CodeIgniter.php(932): App\Controllers\JadwalController->index()
13 SYSTEMPATH\CodeIgniter.php(497): CodeIgniter\CodeIgniter->runController(Object(App\Controllers\JadwalController))
14 SYSTEMPATH\CodeIgniter.php(366): CodeIgniter\CodeIgniter->handleRequest(null, Object(Config\Cache), false)
15 FCPATH\index.php(67): CodeIgniter\CodeIgniter->run()
WARNING - 2023-12-07 06:20:07 --> [DEPRECATED] Creation of dynamic property App\Controllers\JadwalController::$MapelModel is deprecated in APPPATH\Controllers\JadwalController.php on line 18.
 1 SYSTEMPATH\CodeIgniter.php(904): App\Controllers\JadwalController->__construct()
 2 SYSTEMPATH\CodeIgniter.php(488): CodeIgniter\CodeIgniter->createController()
 3 SYSTEMPATH\CodeIgniter.php(366): CodeIgniter\CodeIgniter->handleRequest(null, Object(Config\Cache), false)
 4 FCPATH\index.php(67): CodeIgniter\CodeIgniter->run()
WARNING - 2023-12-07 06:20:07 --> [DEPRECATED] Creation of dynamic property App\Controllers\JadwalController::$GuruModel is deprecated in APPPATH\Controllers\JadwalController.php on line 19.
 1 SYSTEMPATH\CodeIgniter.php(904): App\Controllers\JadwalController->__construct()
 2 SYSTEMPATH\CodeIgniter.php(488): CodeIgniter\CodeIgniter->createController()
 3 SYSTEMPATH\CodeIgniter.php(366): CodeIgniter\CodeIgniter->handleRequest(null, Object(Config\Cache), false)
 4 FCPATH\index.php(67): CodeIgniter\CodeIgniter->run()
WARNING - 2023-12-07 06:27:18 --> [DEPRECATED] Creation of dynamic property App\Controllers\JadwalController::$MapelModel is deprecated in APPPATH\Controllers\JadwalController.php on line 18.
 1 SYSTEMPATH\CodeIgniter.php(904): App\Controllers\JadwalController->__construct()
 2 SYSTEMPATH\CodeIgniter.php(488): CodeIgniter\CodeIgniter->createController()
 3 SYSTEMPATH\CodeIgniter.php(366): CodeIgniter\CodeIgniter->handleRequest(null, Object(Config\Cache), false)
 4 FCPATH\index.php(67): CodeIgniter\CodeIgniter->run()
WARNING - 2023-12-07 06:27:18 --> [DEPRECATED] Creation of dynamic property App\Controllers\JadwalController::$GuruModel is deprecated in APPPATH\Controllers\JadwalController.php on line 19.
 1 SYSTEMPATH\CodeIgniter.php(904): App\Controllers\JadwalController->__construct()
 2 SYSTEMPATH\CodeIgniter.php(488): CodeIgniter\CodeIgniter->createController()
 3 SYSTEMPATH\CodeIgniter.php(366): CodeIgniter\CodeIgniter->handleRequest(null, Object(Config\Cache), false)
 4 FCPATH\index.php(67): CodeIgniter\CodeIgniter->run()
WARNING - 2023-12-07 06:27:19 --> [DEPRECATED] Creation of dynamic property App\Controllers\JadwalController::$MapelModel is deprecated in APPPATH\Controllers\JadwalController.php on line 18.
 1 SYSTEMPATH\CodeIgniter.php(904): App\Controllers\JadwalController->__construct()
 2 SYSTEMPATH\CodeIgniter.php(488): CodeIgniter\CodeIgniter->createController()
 3 SYSTEMPATH\CodeIgniter.php(366): CodeIgniter\CodeIgniter->handleRequest(null, Object(Config\Cache), false)
 4 FCPATH\index.php(67): CodeIgniter\CodeIgniter->run()
WARNING - 2023-12-07 06:27:19 --> [DEPRECATED] Creation of dynamic property App\Controllers\JadwalController::$GuruModel is deprecated in APPPATH\Controllers\JadwalController.php on line 19.
 1 SYSTEMPATH\CodeIgniter.php(904): App\Controllers\JadwalController->__construct()
 2 SYSTEMPATH\CodeIgniter.php(488): CodeIgniter\CodeIgniter->createController()
 3 SYSTEMPATH\CodeIgniter.php(366): CodeIgniter\CodeIgniter->handleRequest(null, Object(Config\Cache), false)
 4 FCPATH\index.php(67): CodeIgniter\CodeIgniter->run()
WARNING - 2023-12-07 06:27:32 --> [DEPRECATED] Creation of dynamic property App\Controllers\JadwalController::$MapelModel is deprecated in APPPATH\Controllers\JadwalController.php on line 18.
 1 SYSTEMPATH\CodeIgniter.php(904): App\Controllers\JadwalController->__construct()
 2 SYSTEMPATH\CodeIgniter.php(488): CodeIgniter\CodeIgniter->createController()
 3 SYSTEMPATH\CodeIgniter.php(366): CodeIgniter\CodeIgniter->handleRequest(null, Object(Config\Cache), false)
 4 FCPATH\index.php(67): CodeIgniter\CodeIgniter->run()
WARNING - 2023-12-07 06:27:32 --> [DEPRECATED] Creation of dynamic property App\Controllers\JadwalController::$GuruModel is deprecated in APPPATH\Controllers\JadwalController.php on line 19.
 1 SYSTEMPATH\CodeIgniter.php(904): App\Controllers\JadwalController->__construct()
 2 SYSTEMPATH\CodeIgniter.php(488): CodeIgniter\CodeIgniter->createController()
 3 SYSTEMPATH\CodeIgniter.php(366): CodeIgniter\CodeIgniter->handleRequest(null, Object(Config\Cache), false)
 4 FCPATH\index.php(67): CodeIgniter\CodeIgniter->run()
WARNING - 2023-12-07 06:27:32 --> [DEPRECATED] Creation of dynamic property App\Controllers\JadwalController::$MapelModel is deprecated in APPPATH\Controllers\JadwalController.php on line 18.
 1 SYSTEMPATH\CodeIgniter.php(904): App\Controllers\JadwalController->__construct()
 2 SYSTEMPATH\CodeIgniter.php(488): CodeIgniter\CodeIgniter->createController()
 3 SYSTEMPATH\CodeIgniter.php(366): CodeIgniter\CodeIgniter->handleRequest(null, Object(Config\Cache), false)
 4 FCPATH\index.php(67): CodeIgniter\CodeIgniter->run()
WARNING - 2023-12-07 06:27:32 --> [DEPRECATED] Creation of dynamic property App\Controllers\JadwalController::$GuruModel is deprecated in APPPATH\Controllers\JadwalController.php on line 19.
 1 SYSTEMPATH\CodeIgniter.php(904): App\Controllers\JadwalController->__construct()
 2 SYSTEMPATH\CodeIgniter.php(488): CodeIgniter\CodeIgniter->createController()
 3 SYSTEMPATH\CodeIgniter.php(366): CodeIgniter\CodeIgniter->handleRequest(null, Object(Config\Cache), false)
 4 FCPATH\index.php(67): CodeIgniter\CodeIgniter->run()
WARNING - 2023-12-07 06:27:35 --> [DEPRECATED] Creation of dynamic property App\Controllers\JadwalController::$MapelModel is deprecated in APPPATH\Controllers\JadwalController.php on line 18.
 1 SYSTEMPATH\CodeIgniter.php(904): App\Controllers\JadwalController->__construct()
 2 SYSTEMPATH\CodeIgniter.php(488): CodeIgniter\CodeIgniter->createController()
 3 SYSTEMPATH\CodeIgniter.php(366): CodeIgniter\CodeIgniter->handleRequest(null, Object(Config\Cache), false)
 4 FCPATH\index.php(67): CodeIgniter\CodeIgniter->run()
WARNING - 2023-12-07 06:27:35 --> [DEPRECATED] Creation of dynamic property App\Controllers\JadwalController::$GuruModel is deprecated in APPPATH\Controllers\JadwalController.php on line 19.
 1 SYSTEMPATH\CodeIgniter.php(904): App\Controllers\JadwalController->__construct()
 2 SYSTEMPATH\CodeIgniter.php(488): CodeIgniter\CodeIgniter->createController()
 3 SYSTEMPATH\CodeIgniter.php(366): CodeIgniter\CodeIgniter->handleRequest(null, Object(Config\Cache), false)
 4 FCPATH\index.php(67): CodeIgniter\CodeIgniter->run()
WARNING - 2023-12-07 06:27:39 --> [DEPRECATED] Creation of dynamic property App\Controllers\JadwalController::$MapelModel is deprecated in APPPATH\Controllers\JadwalController.php on line 18.
 1 SYSTEMPATH\CodeIgniter.php(904): App\Controllers\JadwalController->__construct()
 2 SYSTEMPATH\CodeIgniter.php(488): CodeIgniter\CodeIgniter->createController()
 3 SYSTEMPATH\CodeIgniter.php(366): CodeIgniter\CodeIgniter->handleRequest(null, Object(Config\Cache), false)
 4 FCPATH\index.php(67): CodeIgniter\CodeIgniter->run()
WARNING - 2023-12-07 06:27:39 --> [DEPRECATED] Creation of dynamic property App\Controllers\JadwalController::$GuruModel is deprecated in APPPATH\Controllers\JadwalController.php on line 19.
 1 SYSTEMPATH\CodeIgniter.php(904): App\Controllers\JadwalController->__construct()
 2 SYSTEMPATH\CodeIgniter.php(488): CodeIgniter\CodeIgniter->createController()
 3 SYSTEMPATH\CodeIgniter.php(366): CodeIgniter\CodeIgniter->handleRequest(null, Object(Config\Cache), false)
 4 FCPATH\index.php(67): CodeIgniter\CodeIgniter->run()
WARNING - 2023-12-07 06:27:39 --> [DEPRECATED] Creation of dynamic property App\Controllers\JadwalController::$MapelModel is deprecated in APPPATH\Controllers\JadwalController.php on line 18.
 1 SYSTEMPATH\CodeIgniter.php(904): App\Controllers\JadwalController->__construct()
 2 SYSTEMPATH\CodeIgniter.php(488): CodeIgniter\CodeIgniter->createController()
 3 SYSTEMPATH\CodeIgniter.php(366): CodeIgniter\CodeIgniter->handleRequest(null, Object(Config\Cache), false)
 4 FCPATH\index.php(67): CodeIgniter\CodeIgniter->run()
WARNING - 2023-12-07 06:27:39 --> [DEPRECATED] Creation of dynamic property App\Controllers\JadwalController::$GuruModel is deprecated in APPPATH\Controllers\JadwalController.php on line 19.
 1 SYSTEMPATH\CodeIgniter.php(904): App\Controllers\JadwalController->__construct()
 2 SYSTEMPATH\CodeIgniter.php(488): CodeIgniter\CodeIgniter->createController()
 3 SYSTEMPATH\CodeIgniter.php(366): CodeIgniter\CodeIgniter->handleRequest(null, Object(Config\Cache), false)
 4 FCPATH\index.php(67): CodeIgniter\CodeIgniter->run()
